---- light / ericw-tools v0.18.1 ----
Raytracing backend: Embree
running with 4 threads
LoadBSPFile: 'JailhouseRock.bsp'
BSP is version 29
--- LoadEntities ---
6 entities read, 4 are lights.
--- OptionsSummary ---
Embree_TraceInit: Embree version: 2.15.0
Embree_TraceInit:
	0 sky faces
	225 solid faces
	0 filtered faces
	0 shadow-casting skip faces
SetupLights: 4 initial lights
SetupLights: 4 after surface lights
SetupLights: 4 after jittering
--- EstimateLightVisibility ---
0....1....2....3....4....5....6....7..
Final count: 4 lights 0 suns in use.
--- LightWorld ---
0....1....2....3....4....5....6....7....8....9....
Lighting Completed.

lightdatasize: 477
0 switchable light styles (32 max)
Writing JailhouseRock.bsp as BSP version 29
0.239 seconds elapsed

stats:
0.408732 lights tested, 0.205569 hits per sample point
0.000000 bounce lights tested, 0.000000 hits per sample point
0 empty lightmaps
